<?xml version="1.0" encoding="UTF-8"?>
<testng-results skipped="0" failed="0" ignored="0" total="1" passed="1">
  <reporter-output>
  </reporter-output>
  <suite name="Default suite" duration-ms="39749" started-at="2024-03-05T13:01:45 IST" finished-at="2024-03-05T13:02:25 IST">
    <groups>
    </groups>
    <test name="Default test" duration-ms="39749" started-at="2024-03-05T13:01:45 IST" finished-at="2024-03-05T13:02:25 IST">
      <class name="test.MakeAppointmentTest">
        <test-method status="PASS" signature="LaunchBrowser()[pri:0, instance:test.MakeAppointmentTest@1738a82]" name="LaunchBrowser" is-config="true" duration-ms="6498" started-at="2024-03-05T13:01:46 IST" finished-at="2024-03-05T13:01:52 IST">
          <reporter-output>
          </reporter-output>
        </test-method> <!-- LaunchBrowser -->
        <test-method status="PASS" signature="loginTest(java.lang.String,java.lang.String)[pri:0, instance:test.MakeAppointmentTest@1738a82]" name="loginTest" duration-ms="31980" started-at="2024-03-05T13:01:52 IST" data-provider="CredentialsSupplierFirstRow" finished-at="2024-03-05T13:02:24 IST">
          <params>
            <param index="0">
              <value>
                <![CDATA[John Doe]]>
              </value>
            </param>
            <param index="1">
              <value>
                <![CDATA[ThisIsNotAPassword]]>
              </value>
            </param>
          </params>
          <reporter-output>
          </reporter-output>
        </test-method> <!-- loginTest -->
        <test-method status="PASS" signature="closeBrowser()[pri:0, instance:test.MakeAppointmentTest@1738a82]" name="closeBrowser" is-config="true" duration-ms="789" started-at="2024-03-05T13:02:24 IST" finished-at="2024-03-05T13:02:25 IST">
          <reporter-output>
          </reporter-output>
        </test-method> <!-- closeBrowser -->
      </class> <!-- test.MakeAppointmentTest -->
    </test> <!-- Default test -->
  </suite> <!-- Default suite -->
</testng-results>
